# JRE version: OpenJDK Runtime Environment (11.0.4+10) (build 11.0.4+10-b304.77)
# Java VM: OpenJDK 64-Bit Server VM (11.0.4+10-b304.77, mixed mode, tiered, compressed oops, concurrent mark sweep gc, linux-amd64)
Heap:
 par new generation   total 39296K, used 29646K [0x00000000d1200000, 0x00000000d3ca0000, 0x00000000db860000)
  eden space 34944K,  76% used [0x00000000d1200000, 0x00000000d2c10d88, 0x00000000d3420000)
  from space 4352K,  67% used [0x00000000d3860000, 0x00000000d3b42d78, 0x00000000d3ca0000)
  to   space 4352K,   0% used [0x00000000d3420000, 0x00000000d3420000, 0x00000000d3860000)
 concurrent mark-sweep generation total 316964K, used 232100K [0x00000000db860000, 0x00000000eede9000, 0x0000000100000000)
 Metaspace       used 252239K, capacity 260629K, committed 260868K, reserved 1275904K
  class space    used 30820K, capacity 33896K, committed 33956K, reserved 1048576K
GC Heap History (10 events):
Event: 27527.887 GC heap before
{Heap before GC invocations=150 (full 6):
 par new generation   total 39296K, used 36094K [0x00000000d1200000, 0x00000000d3ca0000, 0x00000000db860000)
  eden space 34944K, 100% used [0x00000000d1200000, 0x00000000d3420000, 0x00000000d3420000)
  from space 4352K,  26% used [0x00000000d3420000, 0x00000000d353f9b0, 0x00000000d3860000)
  to   space 4352K,   0% used [0x00000000d3860000, 0x00000000d3860000, 0x00000000d3ca0000)
 concurrent mark-sweep generation total 316964K, used 231552K [0x00000000db860000, 0x00000000eede9000, 0x0000000100000000)
 Metaspace       used 251830K, capacity 260220K, committed 260356K, reserved 1275904K
  class space    used 30776K, capacity 33836K, committed 33956K, reserved 1048576K
}
Event: 27528.163 GC heap after
{Heap after GC invocations=151 (full 6):
 par new generation   total 39296K, used 513K [0x00000000d1200000, 0x00000000d3ca0000, 0x00000000db860000)
  eden space 34944K,   0% used [0x00000000d1200000, 0x00000000d1200000, 0x00000000d3420000)
  from space 4352K,  11% used [0x00000000d3860000, 0x00000000d38e07e0, 0x00000000d3ca0000)
  to   space 4352K,   0% used [0x00000000d3420000, 0x00000000d3420000, 0x00000000d3860000)
 concurrent mark-sweep generation total 316964K, used 231963K [0x00000000db860000, 0x00000000eede9000, 0x0000000100000000)
 Metaspace       used 251830K, capacity 260220K, committed 260356K, reserved 1275904K
  class space    used 30776K, capacity 33836K, committed 33956K, reserved 1048576K
}
Event: 27604.406 GC heap before
{Heap before GC invocations=151 (full 6):
 par new generation   total 39296K, used 35457K [0x00000000d1200000, 0x00000000d3ca0000, 0x00000000db860000)
  eden space 34944K, 100% used [0x00000000d1200000, 0x00000000d3420000, 0x00000000d3420000)
  from space 4352K,  11% used [0x00000000d3860000, 0x00000000d38e07e0, 0x00000000d3ca0000)
  to   space 4352K,   0% used [0x00000000d3420000, 0x00000000d3420000, 0x00000000d3860000)
 concurrent mark-sweep generation total 316964K, used 231963K [0x00000000db860000, 0x00000000eede9000, 0x0000000100000000)
 Metaspace       used 251889K, capacity 260259K, committed 260612K, reserved 1275904K
  class space    used 30786K, capacity 33848K, committed 33956K, reserved 1048576K
}
Event: 27604.419 GC heap after
{Heap after GC invocations=152 (full 6):
 par new generation   total 39296K, used 1559K [0x00000000d1200000, 0x00000000d3ca0000, 0x00000000db860000)
  eden space 34944K,   0% used [0x00000000d1200000, 0x00000000d1200000, 0x00000000d3420000)
  from space 4352K,  35% used [0x00000000d3420000, 0x00000000d35a5f90, 0x00000000d3860000)
  to   space 4352K,   0% used [0x00000000d3860000, 0x00000000d3860000, 0x00000000d3ca0000)
 concurrent mark-sweep generation total 316964K, used 232047K [0x00000000db860000, 0x00000000eede9000, 0x0000000100000000)
 Metaspace       used 251889K, capacity 260259K, committed 260612K, reserved 1275904K
  class space    used 30786K, capacity 33848K, committed 33956K, reserved 1048576K
}
Event: 27605.105 GC heap before
{Heap before GC invocations=152 (full 6):
 par new generation   total 39296K, used 36503K [0x00000000d1200000, 0x00000000d3ca0000, 0x00000000db860000)
  eden space 34944K, 100% used [0x00000000d1200000, 0x00000000d3420000, 0x00000000d3420000)
  from space 4352K,  35% used [0x00000000d3420000, 0x00000000d35a5f90, 0x00000000d3860000)
  to   space 4352K,   0% used [0x00000000d3860000, 0x00000000d3860000, 0x00000000d3ca0000)
 concurrent mark-sweep generation total 316964K, used 232047K [0x00000000db860000, 0x00000000eede9000, 0x0000000100000000)
 Metaspace       used 251903K, capacity 260263K, committed 260612K, reserved 1275904K
  class space    used 30786K, capacity 33848K, committed 33956K, reserved 1048576K
}
Event: 27605.124 GC heap after
{Heap after GC invocations=153 (full 6):
 par new generation   total 39296K, used 1469K [0x00000000d1200000, 0x00000000d3ca0000, 0x00000000db860000)
  eden space 34944K,   0% used [0x00000000d1200000, 0x00000000d1200000, 0x00000000d3420000)
  from space 4352K,  33% used [0x00000000d3860000, 0x00000000d39cf770, 0x00000000d3ca0000)
  to   space 4352K,   0% used [0x00000000d3420000, 0x00000000d3420000, 0x00000000d3860000)
 concurrent mark-sweep generation total 316964K, used 232047K [0x00000000db860000, 0x00000000eede9000, 0x0000000100000000)
 Metaspace       used 251903K, capacity 260263K, committed 260612K, reserved 1275904K
  class space    used 30786K, capacity 33848K, committed 33956K, reserved 1048576K
}
Event: 27618.952 GC heap before
{Heap before GC invocations=153 (full 6):
 par new generation   total 39296K, used 36413K [0x00000000d1200000, 0x00000000d3ca0000, 0x00000000db860000)
  eden space 34944K, 100% used [0x00000000d1200000, 0x00000000d3420000, 0x00000000d3420000)
  from space 4352K,  33% used [0x00000000d3860000, 0x00000000d39cf770, 0x00000000d3ca0000)
  to   space 4352K,   0% used [0x00000000d3420000, 0x00000000d3420000, 0x00000000d3860000)
 concurrent mark-sweep generation total 316964K, used 232047K [0x00000000db860000, 0x00000000eede9000, 0x0000000100000000)
 Metaspace       used 252116K, capacity 260576K, committed 260868K, reserved 1275904K
  class space    used 30807K, capacity 33883K, committed 33956K, reserved 1048576K
}
Event: 27618.971 GC heap after
{Heap after GC invocations=154 (full 6):
 par new generation   total 39296K, used 3262K [0x00000000d1200000, 0x00000000d3ca0000, 0x00000000db860000)
  eden space 34944K,   0% used [0x00000000d1200000, 0x00000000d1200000, 0x00000000d3420000)
  from space 4352K,  74% used [0x00000000d3420000, 0x00000000d374fac8, 0x00000000d3860000)
  to   space 4352K,   0% used [0x00000000d3860000, 0x00000000d3860000, 0x00000000d3ca0000)
 concurrent mark-sweep generation total 316964K, used 232099K [0x00000000db860000, 0x00000000eede9000, 0x0000000100000000)
 Metaspace       used 252116K, capacity 260576K, committed 260868K, reserved 1275904K
  class space    used 30807K, capacity 33883K, committed 33956K, reserved 1048576K
}
Event: 29341.152 GC heap before
{Heap before GC invocations=154 (full 6):
 par new generation   total 39296K, used 38206K [0x00000000d1200000, 0x00000000d3ca0000, 0x00000000db860000)
  eden space 34944K, 100% used [0x00000000d1200000, 0x00000000d3420000, 0x00000000d3420000)
  from space 4352K,  74% used [0x00000000d3420000, 0x00000000d374fac8, 0x00000000d3860000)
  to   space 4352K,   0% used [0x00000000d3860000, 0x00000000d3860000, 0x00000000d3ca0000)
 concurrent mark-sweep generation total 316964K, used 232099K [0x00000000db860000, 0x00000000eede9000, 0x0000000100000000)
 Metaspace       used 252148K, capacity 260582K, committed 260868K, reserved 1275904K
  class space    used 30808K, capacity 33883K, committed 33956K, reserved 1048576K
}
Event: 29341.178 GC heap after
{Heap after GC invocations=155 (full 6):
 par new generation   total 39296K, used 2955K [0x00000000d1200000, 0x00000000d3ca0000, 0x00000000db860000)
  eden space 34944K,   0% used [0x00000000d1200000, 0x00000000d1200000, 0x00000000d3420000)
  from space 4352K,  67% used [0x00000000d3860000, 0x00000000d3b42d78, 0x00000000d3ca0000)
  to   space 4352K,   0% used [0x00000000d3420000, 0x00000000d3420000, 0x00000000d3860000)
 concurrent mark-sweep generation total 316964K, used 232100K [0x00000000db860000, 0x00000000eede9000, 0x0000000100000000)
 Metaspace       used 252148K, capacity 260582K, committed 260868K, reserved 1275904K
  class space    used 30808K, capacity 33883K, committed 33956K, reserved 1048576K
}

